<?xml version="1.0" encoding="UTF-8"?>
<testsuite xmlns:xsi="http://www.w3.org/2001/XMLSchema-instance" xsi:noNamespaceSchemaLocation="https://maven.apache.org/surefire/maven-surefire-plugin/xsd/surefire-test-report.xsd" name="edu.cscc.actions.HumanTest" time="0.032" tests="4" errors="0" skipped="0" failures="0">
  <properties>
[...]
</properties>
  <testcase name="getAge" classname="edu.cscc.actions.HumanTest" time="0.023"/>
  <testcase name="setAge" classname="edu.cscc.actions.HumanTest" time="0"/>
  <testcase name="getName" classname="edu.cscc.actions.HumanTest" time="0.001"/>
  <testcase name="setName" classname="edu.cscc.actions.HumanTest" time="0"/>
</testsuite>